<?xml version="1.0" encoding="UTF-8"?>
<!-- Generated by org.testng.reporters.JUnitReportReporter -->
<testsuite hostname="Vaazid-Khan-E428" failures="0" tests="1" name="JBWindows_Masters.LoginPage_UnitTest" time="29.513" errors="0" timestamp="2025-09-04T18:31:36 IST" skipped="0">
  <testcase classname="JBWindows_Masters.LoginPage_UnitTest" name="Verify_Successful_Login" time="29.513"/>
</testsuite> <!-- JBWindows_Masters.LoginPage_UnitTest -->
