<?xml version="1.0" encoding="UTF-8"?>
<!-- Generated by org.testng.reporters.JUnitReportReporter -->
<testsuite hostname="Vaazid-Khan-E428" failures="0" tests="1" name="JBInstallation.JB_Registration_Test" time="14.242" errors="0" timestamp="2025-09-08T16:57:17 IST" skipped="0">
  <testcase classname="JBInstallation.JB_Registration_Test" name="Verify_JB_RegistrationExistingOrg" time="14.242"/>
</testsuite> <!-- JBInstallation.JB_Registration_Test -->
