<?xml version="1.0" encoding="UTF-8"?>
<!-- Generated by org.testng.reporters.JUnitReportReporter -->
<testsuite hostname="Vaazid-Khan-E428" failures="0" tests="1" name="test.OpenAppTest" time="0.021" errors="0" timestamp="2025-06-18T12:09:16 IST" skipped="0">
  <testcase classname="test.OpenAppTest" name="testOpenApplication" time="0.021"/>
</testsuite> <!-- test.OpenAppTest -->
