<?xml version="1.0" encoding="UTF-8"?>
<!-- Generated by org.testng.reporters.JUnitReportReporter -->
<testsuite hostname="Vaazid-Khan-E428" failures="0" tests="1" name="JBWindows_Masters.LoginPage_UnitTest" time="31.322" errors="0" timestamp="2025-09-03T18:58:27 IST" skipped="0">
  <testcase classname="JBWindows_Masters.LoginPage_UnitTest" name="Verify_Successful_Login" time="31.322"/>
</testsuite> <!-- JBWindows_Masters.LoginPage_UnitTest -->
