<?xml version="1.0" encoding="UTF-8"?>
<!-- Generated by org.testng.reporters.JUnitReportReporter -->
<testsuite hostname="Vaazid-Khan-E428" failures="0" tests="1" name="JBWindows_Masters.ProductCategoriesPage_UnitTest" time="56.779" errors="0" timestamp="2025-09-04T17:38:11 IST" skipped="0">
  <testcase classname="JBWindows_Masters.ProductCategoriesPage_UnitTest" name="fnVerifyDelete_Product_CategoryFeature_for_withoutInternet_Validation" time="56.779"/>
</testsuite> <!-- JBWindows_Masters.ProductCategoriesPage_UnitTest -->
