<?xml version="1.0" encoding="UTF-8"?>
<!-- Generated by org.testng.reporters.JUnitReportReporter -->
<testsuite hostname="Vaazid-Khan-E428" failures="0" tests="2" name="JBWindows_Masters.ProductCategories_UnitTest" time="38.898" errors="0" timestamp="2025-09-03T19:18:59 IST" skipped="0">
  <testcase classname="JBWindows_Masters.ProductCategories_UnitTest" name="fnVerifyFieldVisibility" time="4.661"/>
  <testcase classname="JBWindows_Masters.ProductCategories_UnitTest" name="fnOpenProductCategoriesPage" time="34.237"/>
</testsuite> <!-- JBWindows_Masters.ProductCategories_UnitTest -->
